2025-04-04 05:16:45 - POST data: Array
(
    [tipo_documento] => Cédula
    [documento] => 412433124
    [nombre] => Prueba Nombre
    [apellido] => Di Maria
    [fecha_nacimiento] => 2000-10-17
    [genero] => Masculino
    [email] => ejemplo@ejemplo.com
    [password] => milo123
)

2025-04-04 05:16:45 - Respuesta modelo: Array
(
    [codigo] => 200
    [mensaje] => Registro exitoso. Ahora puedes iniciar sesión.
)

2025-04-04 05:27:07 - POST data: Array
(
    [tipo_documento] => Tarjeta de Identidad
    [documento] => 42143421
    [nombre] => Favio Noe
    [apellido] => Carin Leon
    [fecha_nacimiento] => 2002-06-11
    [genero] => Masculino
    [email] => carin@gmail.com
    [password] => milo123
)

2025-04-04 05:27:07 - Respuesta modelo: Array
(
    [codigo] => 200
    [mensaje] => Registro exitoso. Ahora puedes iniciar sesión.
)

